2022-07-31 15:32:17,219 - instabot version: 0.117.0 (bot) - INFO - Instabot version: 0.117.0 Started
2022-07-31 15:32:17,219 - instabot version: 0.117.0 (bot) - DEBUG - Bot imported from /Users/magi-nerv/opt/anaconda3/lib/python3.9/site-packages/instabot/bot/bot.py
2022-07-31 15:32:17,221 - instabot version: 0.117.0 (api_login) - INFO - Not yet logged in starting: PRE-LOGIN FLOW!
2022-07-31 15:32:18,045 - instabot version: 0.117.0 (api) - DEBUG - POST to endpoint: accounts/get_prefill_candidates/ returned response: <Response [429]>
2022-07-31 15:32:18,046 - instabot version: 0.117.0 (api) - DEBUG - Responsecode indicates error; response content: b'{"message":"Please wait a few minutes before you try again.","status":"fail"}'
2022-07-31 15:32:18,046 - instabot version: 0.117.0 (api) - ERROR - Request returns 429 error!
2022-07-31 15:32:19,612 - instabot version: 0.117.0 (api) - DEBUG - POST to endpoint: accounts/get_prefill_candidates/ returned response: <Response [429]>
2022-07-31 15:32:19,612 - instabot version: 0.117.0 (api) - DEBUG - Responsecode indicates error; response content: b'{"message":"Please wait a few minutes before you try again.","status":"fail"}'
2022-07-31 15:32:19,612 - instabot version: 0.117.0 (api) - ERROR - Request returns 429 error!
2022-07-31 15:32:21,196 - instabot version: 0.117.0 (api) - DEBUG - POST to endpoint: accounts/get_prefill_candidates/ returned response: <Response [429]>
2022-07-31 15:32:21,197 - instabot version: 0.117.0 (api) - DEBUG - Responsecode indicates error; response content: b'{"message":"Please wait a few minutes before you try again.","status":"fail"}'
2022-07-31 15:32:21,197 - instabot version: 0.117.0 (api) - ERROR - Request returns 429 error!
2022-07-31 15:32:22,481 - instabot version: 0.117.0 (api) - DEBUG - POST to endpoint: accounts/get_prefill_candidates/ returned response: <Response [429]>
2022-07-31 15:32:22,481 - instabot version: 0.117.0 (api) - DEBUG - Responsecode indicates error; response content: b'{"message":"Please wait a few minutes before you try again.","status":"fail"}'
2022-07-31 15:32:22,481 - instabot version: 0.117.0 (api) - ERROR - Request returns 429 error!
2022-07-31 15:32:23,802 - instabot version: 0.117.0 (api) - DEBUG - POST to endpoint: accounts/get_prefill_candidates/ returned response: <Response [429]>
2022-07-31 15:32:23,802 - instabot version: 0.117.0 (api) - DEBUG - Responsecode indicates error; response content: b'{"message":"Please wait a few minutes before you try again.","status":"fail"}'
2022-07-31 15:32:23,802 - instabot version: 0.117.0 (api) - ERROR - Request returns 429 error!
2022-07-31 15:32:25,098 - instabot version: 0.117.0 (api) - DEBUG - POST to endpoint: accounts/get_prefill_candidates/ returned response: <Response [429]>
2022-07-31 15:32:25,098 - instabot version: 0.117.0 (api) - DEBUG - Responsecode indicates error; response content: b'{"message":"Please wait a few minutes before you try again.","status":"fail"}'
2022-07-31 15:32:25,098 - instabot version: 0.117.0 (api) - ERROR - Request returns 429 error!
